
Cell CLKBUF1 disconnected node: A
Cell CLKBUF1 disconnected node: gnd
Cell CLKBUF1 disconnected node: Y
Cell CLKBUF1 disconnected node: vdd

Subcircuit pins:
Circuit 1: CLKBUF1                         |Circuit 2: CLKBUF1                         
-------------------------------------------|-------------------------------------------
A                                          |A                                          
gnd                                        |gnd                                        
Y                                          |Y                                          
vdd                                        |vdd                                        
---------------------------------------------------------------------------------------
Cell pin lists are equivalent.
Device classes CLKBUF1 and CLKBUF1 are equivalent.

Cell BUFX4 disconnected node: A
Cell BUFX4 disconnected node: gnd
Cell BUFX4 disconnected node: Y
Cell BUFX4 disconnected node: vdd

Subcircuit pins:
Circuit 1: BUFX4                           |Circuit 2: BUFX4                           
-------------------------------------------|-------------------------------------------
A                                          |A                                          
gnd                                        |gnd                                        
Y                                          |Y                                          
vdd                                        |vdd                                        
---------------------------------------------------------------------------------------
Cell pin lists are equivalent.
Device classes BUFX4 and BUFX4 are equivalent.

Cell NAND3X1 disconnected node: A
Cell NAND3X1 disconnected node: B
Cell NAND3X1 disconnected node: C
Cell NAND3X1 disconnected node: gnd
Cell NAND3X1 disconnected node: Y
Cell NAND3X1 disconnected node: vdd

Subcircuit pins:
Circuit 1: NAND3X1                         |Circuit 2: NAND3X1                         
-------------------------------------------|-------------------------------------------
A                                          |A                                          
B                                          |B                                          
C                                          |C                                          
gnd                                        |gnd                                        
Y                                          |Y                                          
vdd                                        |vdd                                        
---------------------------------------------------------------------------------------
Cell pin lists are equivalent.
Device classes NAND3X1 and NAND3X1 are equivalent.

Cell NAND2X1 disconnected node: A
Cell NAND2X1 disconnected node: B
Cell NAND2X1 disconnected node: gnd
Cell NAND2X1 disconnected node: Y
Cell NAND2X1 disconnected node: vdd

Subcircuit pins:
Circuit 1: NAND2X1                         |Circuit 2: NAND2X1                         
-------------------------------------------|-------------------------------------------
A                                          |A                                          
B                                          |B                                          
gnd                                        |gnd                                        
Y                                          |Y                                          
vdd                                        |vdd                                        
---------------------------------------------------------------------------------------
Cell pin lists are equivalent.
Device classes NAND2X1 and NAND2X1 are equivalent.

Cell OAI21X1 disconnected node: A
Cell OAI21X1 disconnected node: B
Cell OAI21X1 disconnected node: C
Cell OAI21X1 disconnected node: gnd
Cell OAI21X1 disconnected node: Y
Cell OAI21X1 disconnected node: vdd

Subcircuit pins:
Circuit 1: OAI21X1                         |Circuit 2: OAI21X1                         
-------------------------------------------|-------------------------------------------
A                                          |A                                          
B                                          |B                                          
C                                          |C                                          
gnd                                        |gnd                                        
Y                                          |Y                                          
vdd                                        |vdd                                        
---------------------------------------------------------------------------------------
Cell pin lists are equivalent.
Device classes OAI21X1 and OAI21X1 are equivalent.

Cell INVX2 disconnected node: A
Cell INVX2 disconnected node: gnd
Cell INVX2 disconnected node: Y
Cell INVX2 disconnected node: vdd

Subcircuit pins:
Circuit 1: INVX2                           |Circuit 2: INVX2                           
-------------------------------------------|-------------------------------------------
A                                          |A                                          
gnd                                        |gnd                                        
Y                                          |Y                                          
vdd                                        |vdd                                        
---------------------------------------------------------------------------------------
Cell pin lists are equivalent.
Device classes INVX2 and INVX2 are equivalent.

Cell INVX1 disconnected node: A
Cell INVX1 disconnected node: gnd
Cell INVX1 disconnected node: Y
Cell INVX1 disconnected node: vdd

Subcircuit pins:
Circuit 1: INVX1                           |Circuit 2: INVX1                           
-------------------------------------------|-------------------------------------------
A                                          |A                                          
gnd                                        |gnd                                        
Y                                          |Y                                          
vdd                                        |vdd                                        
---------------------------------------------------------------------------------------
Cell pin lists are equivalent.
Device classes INVX1 and INVX1 are equivalent.

Cell INVX8 disconnected node: A
Cell INVX8 disconnected node: gnd
Cell INVX8 disconnected node: Y
Cell INVX8 disconnected node: vdd

Subcircuit pins:
Circuit 1: INVX8                           |Circuit 2: INVX8                           
-------------------------------------------|-------------------------------------------
A                                          |A                                          
gnd                                        |gnd                                        
Y                                          |Y                                          
vdd                                        |vdd                                        
---------------------------------------------------------------------------------------
Cell pin lists are equivalent.
Device classes INVX8 and INVX8 are equivalent.

Cell NOR2X1 disconnected node: A
Cell NOR2X1 disconnected node: B
Cell NOR2X1 disconnected node: gnd
Cell NOR2X1 disconnected node: Y
Cell NOR2X1 disconnected node: vdd

Subcircuit pins:
Circuit 1: NOR2X1                          |Circuit 2: NOR2X1                          
-------------------------------------------|-------------------------------------------
A                                          |A                                          
B                                          |B                                          
gnd                                        |gnd                                        
Y                                          |Y                                          
vdd                                        |vdd                                        
---------------------------------------------------------------------------------------
Cell pin lists are equivalent.
Device classes NOR2X1 and NOR2X1 are equivalent.

Cell MUX2X1 disconnected node: A
Cell MUX2X1 disconnected node: B
Cell MUX2X1 disconnected node: S
Cell MUX2X1 disconnected node: gnd
Cell MUX2X1 disconnected node: Y
Cell MUX2X1 disconnected node: vdd

Subcircuit pins:
Circuit 1: MUX2X1                          |Circuit 2: MUX2X1                          
-------------------------------------------|-------------------------------------------
A                                          |A                                          
B                                          |B                                          
S                                          |S                                          
gnd                                        |gnd                                        
Y                                          |Y                                          
vdd                                        |vdd                                        
---------------------------------------------------------------------------------------
Cell pin lists are equivalent.
Device classes MUX2X1 and MUX2X1 are equivalent.

Cell AND2X2 disconnected node: A
Cell AND2X2 disconnected node: B
Cell AND2X2 disconnected node: gnd
Cell AND2X2 disconnected node: Y
Cell AND2X2 disconnected node: vdd

Subcircuit pins:
Circuit 1: AND2X2                          |Circuit 2: AND2X2                          
-------------------------------------------|-------------------------------------------
A                                          |A                                          
B                                          |B                                          
gnd                                        |gnd                                        
Y                                          |Y                                          
vdd                                        |vdd                                        
---------------------------------------------------------------------------------------
Cell pin lists are equivalent.
Device classes AND2X2 and AND2X2 are equivalent.

Cell AOI21X1 disconnected node: A
Cell AOI21X1 disconnected node: B
Cell AOI21X1 disconnected node: C
Cell AOI21X1 disconnected node: gnd
Cell AOI21X1 disconnected node: Y
Cell AOI21X1 disconnected node: vdd

Subcircuit pins:
Circuit 1: AOI21X1                         |Circuit 2: AOI21X1                         
-------------------------------------------|-------------------------------------------
A                                          |A                                          
B                                          |B                                          
C                                          |C                                          
gnd                                        |gnd                                        
Y                                          |Y                                          
vdd                                        |vdd                                        
---------------------------------------------------------------------------------------
Cell pin lists are equivalent.
Device classes AOI21X1 and AOI21X1 are equivalent.

Cell OR2X2 disconnected node: A
Cell OR2X2 disconnected node: B
Cell OR2X2 disconnected node: gnd
Cell OR2X2 disconnected node: Y
Cell OR2X2 disconnected node: vdd

Subcircuit pins:
Circuit 1: OR2X2                           |Circuit 2: OR2X2                           
-------------------------------------------|-------------------------------------------
A                                          |A                                          
B                                          |B                                          
gnd                                        |gnd                                        
Y                                          |Y                                          
vdd                                        |vdd                                        
---------------------------------------------------------------------------------------
Cell pin lists are equivalent.
Device classes OR2X2 and OR2X2 are equivalent.

Cell AOI22X1 disconnected node: A
Cell AOI22X1 disconnected node: B
Cell AOI22X1 disconnected node: C
Cell AOI22X1 disconnected node: D
Cell AOI22X1 disconnected node: gnd
Cell AOI22X1 disconnected node: Y
Cell AOI22X1 disconnected node: vdd

Subcircuit pins:
Circuit 1: AOI22X1                         |Circuit 2: AOI22X1                         
-------------------------------------------|-------------------------------------------
A                                          |A                                          
B                                          |B                                          
C                                          |C                                          
D                                          |D                                          
gnd                                        |gnd                                        
Y                                          |Y                                          
vdd                                        |vdd                                        
---------------------------------------------------------------------------------------
Cell pin lists are equivalent.
Device classes AOI22X1 and AOI22X1 are equivalent.

Cell DFFPOSX1 disconnected node: Q
Cell DFFPOSX1 disconnected node: CLK
Cell DFFPOSX1 disconnected node: D
Cell DFFPOSX1 disconnected node: gnd
Cell DFFPOSX1 disconnected node: vdd

Subcircuit pins:
Circuit 1: DFFPOSX1                        |Circuit 2: DFFPOSX1                        
-------------------------------------------|-------------------------------------------
Q                                          |Q                                          
CLK                                        |CLK                                        
D                                          |D                                          
gnd                                        |gnd                                        
vdd                                        |vdd                                        
---------------------------------------------------------------------------------------
Cell pin lists are equivalent.
Device classes DFFPOSX1 and DFFPOSX1 are equivalent.

Cell BUFX2 disconnected node: A
Cell BUFX2 disconnected node: gnd
Cell BUFX2 disconnected node: Y
Cell BUFX2 disconnected node: vdd

Subcircuit pins:
Circuit 1: BUFX2                           |Circuit 2: BUFX2                           
-------------------------------------------|-------------------------------------------
A                                          |A                                          
gnd                                        |gnd                                        
Y                                          |Y                                          
vdd                                        |vdd                                        
---------------------------------------------------------------------------------------
Cell pin lists are equivalent.
Device classes BUFX2 and BUFX2 are equivalent.

Cell INVX4 disconnected node: A
Cell INVX4 disconnected node: gnd
Cell INVX4 disconnected node: Y
Cell INVX4 disconnected node: vdd

Subcircuit pins:
Circuit 1: INVX4                           |Circuit 2: INVX4                           
-------------------------------------------|-------------------------------------------
A                                          |A                                          
gnd                                        |gnd                                        
Y                                          |Y                                          
vdd                                        |vdd                                        
---------------------------------------------------------------------------------------
Cell pin lists are equivalent.
Device classes INVX4 and INVX4 are equivalent.

Subcircuit summary:
Circuit 1: ram32_sdram_2split              |Circuit 2: ram32_sdram_2split              
-------------------------------------------|-------------------------------------------
MUX2X1 (256)                               |MUX2X1 (256)                               
NAND2X1 (175)                              |NAND2X1 (175)                              
AOI22X1 (32)                               |AOI22X1 (32)                               
OAI21X1 (168)                              |OAI21X1 (168)                              
DFFPOSX1 (269)                             |DFFPOSX1 (269)                             
BUFX4 (59)                                 |BUFX4 (59)                                 
INVX1 (67)                                 |INVX1 (67)                                 
INVX8 (11)                                 |INVX8 (11)                                 
CLKBUF1 (68)                               |CLKBUF1 (68)                               
NAND3X1 (12)                               |NAND3X1 (12)                               
AOI21X1 (61)                               |AOI21X1 (61)                               
INVX4 (1)                                  |INVX4 (1)                                  
BUFX2 (8)                                  |BUFX2 (8)                                  
INVX2 (7)                                  |INVX2 (7)                                  
NOR2X1 (68)                                |NOR2X1 (68)                                
AND2X2 (4)                                 |AND2X2 (4)                                 
OR2X2 (2)                                  |OR2X2 (2)                                  
Number of devices: 1268                    |Number of devices: 1268                    
Number of nets: 1288                       |Number of nets: 1288                       
---------------------------------------------------------------------------------------
Circuits match uniquely.
Netlists match uniquely.

Subcircuit pins:
Circuit 1: ram32_sdram_2split              |Circuit 2: ram32_sdram_2split              
-------------------------------------------|-------------------------------------------
clk                                        |clk                                        
address[4]                                 |address[4]                                 
address[3]                                 |address[3]                                 
address[2]                                 |address[2]                                 
address[0]                                 |address[0]                                 
address[1]                                 |address[1]                                 
dataout[2]                                 |dataout[2]                                 
dataout[6]                                 |dataout[6]                                 
dataout[3]                                 |dataout[3]                                 
dataout[1]                                 |dataout[1]                                 
dataout[0]                                 |dataout[0]                                 
dataout[7]                                 |dataout[7]                                 
dataout[5]                                 |dataout[5]                                 
dataout[4]                                 |dataout[4]                                 
en                                         |en                                         
datain[0]                                  |datain[0]                                  
datain[1]                                  |datain[1]                                  
datain[2]                                  |datain[2]                                  
datain[3]                                  |datain[3]                                  
datain[4]                                  |datain[4]                                  
datain[5]                                  |datain[5]                                  
datain[6]                                  |datain[6]                                  
datain[7]                                  |datain[7]                                  
cas                                        |cas                                        
rw                                         |rw                                         
ras                                        |ras                                        
vdd                                        |vdd                                        
gnd                                        |gnd                                        
---------------------------------------------------------------------------------------
Cell pin lists are equivalent.
Device classes ram32_sdram_2split and ram32_sdram_2split are equivalent.
Circuits match uniquely.
