Qflow DRC logfile created on Sat Nov 30 10:29:38 AM IST 2024
magic -dnull -noconsole  /home/neel/ram/layout/run_drc_ram32_sdram_2split.tcl

Magic 8.3 revision 50 - Compiled on Fri Nov 22 08:04:04 PM IST 2024.
Starting magic under Tcl interpreter
Using the terminal as the console.
Using NULL graphics device.
Processing system .magicrc file
Input style lambda=0.10(p): scaleFactor=10, multiplier=1
Contact size value ignored (using GDS generation rules).
Contact size value ignored (using GDS generation rules).
Contact size value ignored (using GDS generation rules).
Contact size value ignored (using GDS generation rules).
Contact size value ignored (using GDS generation rules).
Contact size value ignored (using GDS generation rules).
Loading "/home/neel/ram/layout/run_drc_ram32_sdram_2split.tcl" from command line.
Reading LEF data from file /usr/local/share/qflow/tech/osu018/osu018_stdcells.lef.
This action cannot be undone.
LEF read, Line 16 (Message): Unknown keyword "OBS" in LEF file; ignoring.
LEF read, Line 17 (Message): Unknown keyword "PIN" in LEF file; ignoring.
LEF read: Processed 2941 lines.
ram32_sdram_2split: 10000 rects
Processing timestamp mismatches: FILL, CLKBUF1, NAND2X1, DFFPOSX1, OAI21X1, MUX2X1, NOR2X1, AOI21X1, INVX1, INVX8, BUFX4, BUFX2, AOI22X1, NAND3X1, INVX2, INVX4, AND2X2, OR2X2.
drc = 0
DRC checking script ended on Sat Nov 30 10:29:39 AM IST 2024
