Qflow migration logfile created on Sat Nov 30 10:29:35 AM IST 2024
magic -dnull -noconsole  migrate_ram32_sdram_2split.tcl

Magic 8.3 revision 50 - Compiled on Fri Nov 22 08:04:04 PM IST 2024.
Starting magic under Tcl interpreter
Using the terminal as the console.
Using NULL graphics device.
Processing system .magicrc file
Input style lambda=0.10(p): scaleFactor=10, multiplier=1
Contact size value ignored (using GDS generation rules).
Contact size value ignored (using GDS generation rules).
Contact size value ignored (using GDS generation rules).
Contact size value ignored (using GDS generation rules).
Contact size value ignored (using GDS generation rules).
Contact size value ignored (using GDS generation rules).
Loading "migrate_ram32_sdram_2split.tcl" from command line.
Root cell box:
           width x height  (   llx,  lly  ), (   urx,  ury  )

microns:    0.00 x 0.00    (  0.00,  0.00 ), (  0.00,  0.00 )
lambda:        0 x 0       (     0,  0    ), (     0,  0    )
Reading LEF data from file /usr/local/share/qflow/tech/osu018/osu018_stdcells.lef.
This action cannot be undone.
LEF read, Line 16 (Message): Unknown keyword "OBS" in LEF file; ignoring.
LEF read, Line 17 (Message): Unknown keyword "PIN" in LEF file; ignoring.
LEF read: Processed 2941 lines.
Reading DEF data from file ram32_sdram_2split.def.
This action cannot be undone.
  Processed 5 vias total.
  Processed 1493 subcell instances total.
  Processed 28 pins total.
  Processed 1286 nets total.
DEF read, Line 18346 (Warning): Number of nets read (263) does not match the number declared (265).
DEF read: Processed 18347 lines.
DEF Read: encountered 1 warning total.
Generating LEF output ram32_sdram_2split.lef for cell ram32_sdram_2split:
Diagnostic:  Write LEF header for cell ram32_sdram_2split
Diagnostic:  Writing LEF output for cell ram32_sdram_2split
Diagnostic:  Scale value is 0.100000
Extracting INVX4 into INVX4.ext:
Completed 100%
Extracting NAND3X1 into NAND3X1.ext:
Completed 100%
Extracting BUFX2 into BUFX2.ext:
Completed 100%
Extracting INVX2 into INVX2.ext:
Completed 100%
Extracting AND2X2 into AND2X2.ext:
Completed 100%
Extracting AOI22X1 into AOI22X1.ext:
Completed 100%
Extracting OR2X2 into OR2X2.ext:
Completed 100%
Extracting INVX1 into INVX1.ext:
Completed 100%
Extracting FILL into FILL.ext:
Completed 100%
Extracting INVX8 into INVX8.ext:
Completed 100%
Extracting BUFX4 into BUFX4.ext:
Completed 100%
Extracting AOI21X1 into AOI21X1.ext:
Completed 100%
Extracting NOR2X1 into NOR2X1.ext:
Completed 100%
Extracting MUX2X1 into MUX2X1.ext:
Completed 100%
Extracting OAI21X1 into OAI21X1.ext:
Completed 100%
Extracting DFFPOSX1 into DFFPOSX1.ext:
Completed 100%
Extracting NAND2X1 into NAND2X1.ext:
Completed 100%
Extracting CLKBUF1 into CLKBUF1.ext:
Completed 100%
Extracting ram32_sdram_2split into ram32_sdram_2split.ext:
Completed 5%
Completed 10%
Completed 15%
Completed 21%
Completed 26%
Completed 31%
Completed 36%
Completed 41%
Completed 46%
Completed 51%
Completed 56%
Completed 61%
Completed 66%
Completed 72%
Completed 77%
Completed 82%
Completed 87%
Completed 92%
Completed 97%
Completed 100%
exttospice finished.
Migration script ended on Sat Nov 30 10:29:38 AM IST 2024
